0 info it worked if it ends with ok
1 verbose cli [ '/usr/bin/nodejs',
1 verbose cli   '/usr/bin/npm',
1 verbose cli   'install',
1 verbose cli   '-g',
1 verbose cli   'http-server' ]
2 info using npm@3.10.8
3 info using node@v6.9.1
4 silly loadCurrentTree Starting
5 silly install loadCurrentTree
6 silly install readGlobalPackageData
7 silly fetchPackageMetaData http-server
8 silly fetchNamedPackageData http-server
9 silly mapToRegistry name http-server
10 silly mapToRegistry using default registry
11 silly mapToRegistry registry https://registry.npmjs.org/
12 silly mapToRegistry data Result {
12 silly mapToRegistry   raw: 'http-server',
12 silly mapToRegistry   scope: null,
12 silly mapToRegistry   escapedName: 'http-server',
12 silly mapToRegistry   name: 'http-server',
12 silly mapToRegistry   rawSpec: '',
12 silly mapToRegistry   spec: 'latest',
12 silly mapToRegistry   type: 'tag' }
13 silly mapToRegistry uri https://registry.npmjs.org/http-server
14 verbose request uri https://registry.npmjs.org/http-server
15 verbose request no auth needed
16 info attempt registry request try #1 at 10:26:40 AM
17 verbose request id 887c431967ed3ac1
18 verbose etag "F4I45PGE5YGXDH4DEZJJG0PYP"
19 http request GET https://registry.npmjs.org/http-server
20 info retry will retry, error on last attempt: Error: getaddrinfo ECONNREFUSED registry.npmjs.org:443
21 info attempt registry request try #2 at 10:26:50 AM
22 verbose etag "F4I45PGE5YGXDH4DEZJJG0PYP"
23 http request GET https://registry.npmjs.org/http-server
24 info retry will retry, error on last attempt: Error: getaddrinfo ECONNREFUSED registry.npmjs.org:443
25 info attempt registry request try #3 at 10:27:50 AM
26 verbose etag "F4I45PGE5YGXDH4DEZJJG0PYP"
27 http request GET https://registry.npmjs.org/http-server
28 silly get cb [ 304, undefined ]
29 verbose etag https://registry.npmjs.org/http-server from cache
30 verbose get saving http-server to /home/mdr/.npm/registry.npmjs.org/http-server/.cache.json
31 verbose correctMkdir /home/mdr/.npm correctMkdir not in flight; initializing
32 silly install normalizeTree
33 silly loadCurrentTree Finishing
34 silly loadIdealTree Starting
35 silly install loadIdealTree
36 silly cloneCurrentTree Starting
37 silly install cloneCurrentTreeToIdealTree
38 silly cloneCurrentTree Finishing
39 silly loadShrinkwrap Starting
40 silly install loadShrinkwrap
41 silly loadShrinkwrap Finishing
42 silly loadAllDepsIntoIdealTree Starting
43 silly install loadAllDepsIntoIdealTree
44 silly resolveWithNewModule http-server@0.8.0 checking installable status
45 silly cache add args [ 'http-server', null ]
46 verbose cache add spec http-server
47 silly cache add parsed spec Result {
47 silly cache add   raw: 'http-server',
47 silly cache add   scope: null,
47 silly cache add   escapedName: 'http-server',
47 silly cache add   name: 'http-server',
47 silly cache add   rawSpec: '',
47 silly cache add   spec: 'latest',
47 silly cache add   type: 'tag' }
48 silly addNamed http-server@latest
49 verbose addNamed "latest" is being treated as a dist-tag for http-server
50 info addNameTag [ 'http-server', 'latest' ]
51 silly mapToRegistry name http-server
52 silly mapToRegistry using default registry
53 silly mapToRegistry registry https://registry.npmjs.org/
54 silly mapToRegistry data Result {
54 silly mapToRegistry   raw: 'http-server',
54 silly mapToRegistry   scope: null,
54 silly mapToRegistry   escapedName: 'http-server',
54 silly mapToRegistry   name: 'http-server',
54 silly mapToRegistry   rawSpec: '',
54 silly mapToRegistry   spec: 'latest',
54 silly mapToRegistry   type: 'tag' }
55 silly mapToRegistry uri https://registry.npmjs.org/http-server
56 verbose addNameTag registry:https://registry.npmjs.org/http-server not in flight; fetching
57 verbose get https://registry.npmjs.org/http-server not expired, no request
58 silly addNameTag next cb for http-server with tag latest
59 silly addNamed http-server@0.8.0
60 verbose addNamed "0.8.0" is a plain semver version for http-server
61 silly mapToRegistry name http-server
62 silly mapToRegistry using default registry
63 silly mapToRegistry registry https://registry.npmjs.org/
64 silly mapToRegistry data Result {
64 silly mapToRegistry   raw: 'http-server',
64 silly mapToRegistry   scope: null,
64 silly mapToRegistry   escapedName: 'http-server',
64 silly mapToRegistry   name: 'http-server',
64 silly mapToRegistry   rawSpec: '',
64 silly mapToRegistry   spec: 'latest',
64 silly mapToRegistry   type: 'tag' }
65 silly mapToRegistry uri https://registry.npmjs.org/http-server
66 verbose addRemoteTarball https://registry.npmjs.org/http-server/-/http-server-0.8.0.tgz not in flight; adding
67 verbose addRemoteTarball [ 'https://registry.npmjs.org/http-server/-/http-server-0.8.0.tgz',
67 verbose addRemoteTarball   'd4b671781ec6bf9fa6a311cd1df683b0b37b1491' ]
68 info retry fetch attempt 1 at 10:27:50 AM
69 info attempt registry request try #1 at 10:27:50 AM
70 http fetch GET https://registry.npmjs.org/http-server/-/http-server-0.8.0.tgz
71 info retry will retry, error on last attempt: Error: getaddrinfo ECONNREFUSED registry.npmjs.org:443
72 info attempt registry request try #2 at 10:28:00 AM
73 http fetch GET https://registry.npmjs.org/http-server/-/http-server-0.8.0.tgz
74 info retry will retry, error on last attempt: Error: getaddrinfo ECONNREFUSED registry.npmjs.org:443
75 info attempt registry request try #3 at 10:29:00 AM
76 http fetch GET https://registry.npmjs.org/http-server/-/http-server-0.8.0.tgz
77 error fetch failed https://registry.npmjs.org/http-server/-/http-server-0.8.0.tgz
78 warn retry will retry, error on last attempt: Error: getaddrinfo ECONNREFUSED registry.npmjs.org:443
79 info retry fetch attempt 2 at 10:29:10 AM
80 info attempt registry request try #1 at 10:29:10 AM
81 http fetch GET https://registry.npmjs.org/http-server/-/http-server-0.8.0.tgz
82 info retry will retry, error on last attempt: Error: getaddrinfo ECONNREFUSED registry.npmjs.org:443
83 info attempt registry request try #2 at 10:29:20 AM
84 http fetch GET https://registry.npmjs.org/http-server/-/http-server-0.8.0.tgz
85 info retry will retry, error on last attempt: Error: getaddrinfo ECONNREFUSED registry.npmjs.org:443
86 info attempt registry request try #3 at 10:30:20 AM
87 http fetch GET https://registry.npmjs.org/http-server/-/http-server-0.8.0.tgz
88 error fetch failed https://registry.npmjs.org/http-server/-/http-server-0.8.0.tgz
89 warn retry will retry, error on last attempt: Error: getaddrinfo ECONNREFUSED registry.npmjs.org:443
90 info retry fetch attempt 3 at 10:31:20 AM
91 info attempt registry request try #1 at 10:31:20 AM
92 http fetch GET https://registry.npmjs.org/http-server/-/http-server-0.8.0.tgz
93 info retry will retry, error on last attempt: Error: getaddrinfo ECONNREFUSED registry.npmjs.org:443
94 info attempt registry request try #2 at 10:31:30 AM
95 http fetch GET https://registry.npmjs.org/http-server/-/http-server-0.8.0.tgz
96 info retry will retry, error on last attempt: Error: getaddrinfo ECONNREFUSED registry.npmjs.org:443
97 info attempt registry request try #3 at 10:32:30 AM
98 http fetch GET https://registry.npmjs.org/http-server/-/http-server-0.8.0.tgz
99 error fetch failed https://registry.npmjs.org/http-server/-/http-server-0.8.0.tgz
100 silly rollbackFailedOptional Starting
101 silly rollbackFailedOptional Finishing
102 silly runTopLevelLifecycles Finishing
103 silly install printInstalled
104 verbose stack Error: getaddrinfo ECONNREFUSED registry.npmjs.org:443
104 verbose stack     at Object.exports._errnoException (util.js:1026:11)
104 verbose stack     at errnoException (dns.js:33:15)
104 verbose stack     at GetAddrInfoReqWrap.onlookup [as oncomplete] (dns.js:76:26)
105 verbose cwd /store/data/arbeiten/@Projekte/bristolpound.org/mobile.phoenix
106 error Linux 4.4.0-47-generic
107 error argv "/usr/bin/nodejs" "/usr/bin/npm" "install" "-g" "http-server"
108 error node v6.9.1
109 error npm  v3.10.8
110 error code ECONNREFUSED
111 error errno ECONNREFUSED
112 error syscall getaddrinfo
113 error Error: getaddrinfo ECONNREFUSED registry.npmjs.org:443
113 error     at Object.exports._errnoException (util.js:1026:11)
113 error     at errnoException (dns.js:33:15)
113 error     at GetAddrInfoReqWrap.onlookup [as oncomplete] (dns.js:76:26)
113 error  { Error: getaddrinfo ECONNREFUSED registry.npmjs.org:443
113 error     at Object.exports._errnoException (util.js:1026:11)
113 error     at errnoException (dns.js:33:15)
113 error     at GetAddrInfoReqWrap.onlookup [as oncomplete] (dns.js:76:26)
113 error   code: 'ECONNREFUSED',
113 error   errno: 'ECONNREFUSED',
113 error   syscall: 'getaddrinfo',
113 error   hostname: 'registry.npmjs.org',
113 error   host: 'registry.npmjs.org',
113 error   port: 443 }
114 error If you are behind a proxy, please make sure that the
114 error 'proxy' config is set properly.  See: 'npm help config'
115 verbose exit [ 1, true ]
